{"c:\\wamp\\www\\practica-nodejs\\practica3\\ej1\\times\\test\\times_test.js":{"path":"c:\\wamp\\www\\practica-nodejs\\practica3\\ej1\\times\\test\\times_test.js","s":{"1":1,"2":1,"3":1,"4":0,"5":0,"6":0},"b":{},"f":{"1":0,"2":0,"3":0},"fnMap":{"1":{"name":"(anonymous_1)","line":4,"loc":{"start":{"line":4,"column":29},"end":{"line":4,"column":39}}},"2":{"name":"(anonymous_2)","line":5,"loc":{"start":{"line":5,"column":39},"end":{"line":5,"column":49}}},"3":{"name":"(anonymous_3)","line":6,"loc":{"start":{"line":6,"column":49},"end":{"line":6,"column":59}}}},"statementMap":{"1":{"start":{"line":1,"column":0},"end":{"line":1,"column":35}},"2":{"start":{"line":2,"column":0},"end":{"line":2,"column":31}},"3":{"start":{"line":4,"column":0},"end":{"line":10,"column":3}},"4":{"start":{"line":5,"column":2},"end":{"line":9,"column":5}},"5":{"start":{"line":6,"column":4},"end":{"line":8,"column":7}},"6":{"start":{"line":7,"column":6},"end":{"line":7,"column":48}}},"branchMap":{}}}