{"C:\\wamp\\www\\practica-nodejs\\practica3\\ej1\\times\\times.js":{"path":"C:\\wamp\\www\\practica-nodejs\\practica3\\ej1\\times\\times.js","s":{"1":1,"2":0,"3":0,"4":0,"5":0},"b":{},"f":{"1":0},"fnMap":{"1":{"name":"(anonymous_1)","line":1,"loc":{"start":{"line":1,"column":25},"end":{"line":1,"column":40}}}},"statementMap":{"1":{"start":{"line":1,"column":0},"end":{"line":7,"column":1}},"2":{"start":{"line":2,"column":2},"end":{"line":2,"column":15}},"3":{"start":{"line":3,"column":2},"end":{"line":5,"column":3}},"4":{"start":{"line":4,"column":4},"end":{"line":4,"column":16}},"5":{"start":{"line":6,"column":2},"end":{"line":6,"column":13}}},"branchMap":{}}}